This file contains any messages produced by compilers while
running CMake, to aid debugging if configure makes a mistake.

It was created by HQP CMake configuration process UNKNOWN-dirty, which was
generated by CMake 2.8.12.2.

## --------- ##
## Platform. ##
## --------- ##

hostname = rcu-robostar
system = Linux-3.14.44-xenomai-2.6.5
processor = x86_64
generator = Unix Makefiles

PATH /usr/local/sbin
PATH /usr/local/bin
PATH /usr/sbin
PATH /usr/bin
PATH /sbin
PATH /bin
PATH /usr/games
PATH /usr/local/games
PATH /usr/xenomai/bin
PATH /opt/etherlab/bin/

PKG_CONFIG_PATH 
PKG_CONFIG_PATH /usr/xenomai/lib/pkgconfig

