The system is: Linux - 4.4.0-127-generic - x86_64
Compiling the C compiler identification source file "CMakeCCompilerId.c" succeeded.
Compiler: /usr/bin/cc 
Build flags: 
Id flags: 

The output was:
0


Compilation of the C compiler identification source "CMakeCCompilerId.c" produced "a.out"

The C compiler identification is GNU, found in "/home/ggory15/Robostar/build/CMakeFiles/3.5.1/CompilerIdC/a.out"

Compiling the CXX compiler identification source file "CMakeCXXCompilerId.cpp" succeeded.
Compiler: /usr/bin/c++ 
Build flags: 
Id flags: 

The output was:
0


Compilation of the CXX compiler identification source "CMakeCXXCompilerId.cpp" produced "a.out"

The CXX compiler identification is GNU, found in "/home/ggory15/Robostar/build/CMakeFiles/3.5.1/CompilerIdCXX/a.out"

Determining if the C compiler works passed with the following output:
Change Dir: /home/ggory15/Robostar/build/CMakeFiles/CMakeTmp

Run Build Command:"/usr/bin/make" "cmTC_7bc5a/fast"
/usr/bin/make -f CMakeFiles/cmTC_7bc5a.dir/build.make CMakeFiles/cmTC_7bc5a.dir/build
make[1]: Entering directory '/home/ggory15/Robostar/build/CMakeFiles/CMakeTmp'
Building C object CMakeFiles/cmTC_7bc5a.dir/testCCompiler.c.o
/usr/bin/cc     -o CMakeFiles/cmTC_7bc5a.dir/testCCompiler.c.o   -c /home/ggory15/Robostar/build/CMakeFiles/CMakeTmp/testCCompiler.c
Linking C executable cmTC_7bc5a
/usr/bin/cmake -E cmake_link_script CMakeFiles/cmTC_7bc5a.dir/link.txt --verbose=1
/usr/bin/cc       CMakeFiles/cmTC_7bc5a.dir/testCCompiler.c.o  -o cmTC_7bc5a -rdynamic 
make[1]: Leaving directory '/home/ggory15/Robostar/build/CMakeFiles/CMakeTmp'


Detecting C compiler ABI info compiled with the following output:
Change Dir: /home/ggory15/Robostar/build/CMakeFiles/CMakeTmp

Run Build Command:"/usr/bin/make" "cmTC_cc4fc/fast"
/usr/bin/make -f CMakeFiles/cmTC_cc4fc.dir/build.make CMakeFiles/cmTC_cc4fc.dir/build
make[1]: Entering directory '/home/ggory15/Robostar/build/CMakeFiles/CMakeTmp'
Building C object CMakeFiles/cmTC_cc4fc.dir/CMakeCCompilerABI.c.o
/usr/bin/cc     -o CMakeFiles/cmTC_cc4fc.dir/CMakeCCompilerABI.c.o   -c /usr/share/cmake-3.5/Modules/CMakeCCompilerABI.c
Linking C executable cmTC_cc4fc
/usr/bin/cmake -E cmake_link_script CMakeFiles/cmTC_cc4fc.dir/link.txt --verbose=1
/usr/bin/cc      -v CMakeFiles/cmTC_cc4fc.dir/CMakeCCompilerABI.c.o  -o cmTC_cc4fc -rdynamic  
Using built-in specs.
COLLECT_GCC=/usr/bin/cc
COLLECT_LTO_WRAPPER=/usr/lib/gcc/x86_64-linux-gnu/5/lto-wrapper
Target: x86_64-linux-gnu
Configured with: ../src/configure -v --with-pkgversion='Ubuntu 5.4.0-6ubuntu1~16.04.10' --with-bugurl=file:///usr/share/doc/gcc-5/README.Bugs --enable-languages=c,ada,c++,java,go,d,fortran,objc,obj-c++ --prefix=/usr --program-suffix=-5 --enable-shared --enable-linker-build-id --libexecdir=/usr/lib --without-included-gettext --enable-threads=posix --libdir=/usr/lib --enable-nls --with-sysroot=/ --enable-clocale=gnu --enable-libstdcxx-debug --enable-libstdcxx-time=yes --with-default-libstdcxx-abi=new --enable-gnu-unique-object --disable-vtable-verify --enable-libmpx --enable-plugin --with-system-zlib --disable-browser-plugin --enable-java-awt=gtk --enable-gtk-cairo --with-java-home=/usr/lib/jvm/java-1.5.0-gcj-5-amd64/jre --enable-java-home --with-jvm-root-dir=/usr/lib/jvm/java-1.5.0-gcj-5-amd64 --with-jvm-jar-dir=/usr/lib/jvm-exports/java-1.5.0-gcj-5-amd64 --with-arch-directory=amd64 --with-ecj-jar=/usr/share/java/eclipse-ecj.jar --enable-objc-gc --enable-multiarch --disable-werror --with-arch-32=i686 --with-abi=m64 --with-multilib-list=m32,m64,mx32 --enable-multilib --with-tune=generic --enable-checking=release --build=x86_64-linux-gnu --host=x86_64-linux-gnu --target=x86_64-linux-gnu
Thread model: posix
gcc version 5.4.0 20160609 (Ubuntu 5.4.0-6ubuntu1~16.04.10) 
COMPILER_PATH=/usr/lib/gcc/x86_64-linux-gnu/5/:/usr/lib/gcc/x86_64-linux-gnu/5/:/usr/lib/gcc/x86_64-linux-gnu/:/usr/lib/gcc/x86_64-linux-gnu/5/:/usr/lib/gcc/x86_64-linux-gnu/
LIBRARY_PATH=/usr/lib/gcc/x86_64-linux-gnu/5/:/usr/lib/gcc/x86_64-linux-gnu/5/../../../x86_64-linux-gnu/:/usr/lib/gcc/x86_64-linux-gnu/5/../../../../lib/:/lib/x86_64-linux-gnu/:/lib/../lib/:/usr/lib/x86_64-linux-gnu/:/usr/lib/../lib/:/usr/lib/gcc/x86_64-linux-gnu/5/../../../:/lib/:/usr/lib/
COLLECT_GCC_OPTIONS='-v' '-o' 'cmTC_cc4fc' '-rdynamic' '-mtune=generic' '-march=x86-64'
 /usr/lib/gcc/x86_64-linux-gnu/5/collect2 -plugin /usr/lib/gcc/x86_64-linux-gnu/5/liblto_plugin.so -plugin-opt=/usr/lib/gcc/x86_64-linux-gnu/5/lto-wrapper -plugin-opt=-fresolution=/tmp/ccFY5wdf.res -plugin-opt=-pass-through=-lgcc -plugin-opt=-pass-through=-lgcc_s -plugin-opt=-pass-through=-lc -plugin-opt=-pass-through=-lgcc -plugin-opt=-pass-through=-lgcc_s --sysroot=/ --build-id --eh-frame-hdr -m elf_x86_64 --hash-style=gnu --as-needed -export-dynamic -dynamic-linker /lib64/ld-linux-x86-64.so.2 -z relro -o cmTC_cc4fc /usr/lib/gcc/x86_64-linux-gnu/5/../../../x86_64-linux-gnu/crt1.o /usr/lib/gcc/x86_64-linux-gnu/5/../../../x86_64-linux-gnu/crti.o /usr/lib/gcc/x86_64-linux-gnu/5/crtbegin.o -L/usr/lib/gcc/x86_64-linux-gnu/5 -L/usr/lib/gcc/x86_64-linux-gnu/5/../../../x86_64-linux-gnu -L/usr/lib/gcc/x86_64-linux-gnu/5/../../../../lib -L/lib/x86_64-linux-gnu -L/lib/../lib -L/usr/lib/x86_64-linux-gnu -L/usr/lib/../lib -L/usr/lib/gcc/x86_64-linux-gnu/5/../../.. CMakeFiles/cmTC_cc4fc.dir/CMakeCCompilerABI.c.o -lgcc --as-needed -lgcc_s --no-as-needed -lc -lgcc --as-needed -lgcc_s --no-as-needed /usr/lib/gcc/x86_64-linux-gnu/5/crtend.o /usr/lib/gcc/x86_64-linux-gnu/5/../../../x86_64-linux-gnu/crtn.o
make[1]: Leaving directory '/home/ggory15/Robostar/build/CMakeFiles/CMakeTmp'


Parsed C implicit link information from above output:
  link line regex: [^( *|.*[/\])(ld|([^/\]+-)?ld|collect2)[^/\]*( |$)]
  ignore line: [Change Dir: /home/ggory15/Robostar/build/CMakeFiles/CMakeTmp]
  ignore line: []
  ignore line: [Run Build Command:"/usr/bin/make" "cmTC_cc4fc/fast"]
  ignore line: [/usr/bin/make -f CMakeFiles/cmTC_cc4fc.dir/build.make CMakeFiles/cmTC_cc4fc.dir/build]
  ignore line: [make[1]: Entering directory '/home/ggory15/Robostar/build/CMakeFiles/CMakeTmp']
  ignore line: [Building C object CMakeFiles/cmTC_cc4fc.dir/CMakeCCompilerABI.c.o]
  ignore line: [/usr/bin/cc     -o CMakeFiles/cmTC_cc4fc.dir/CMakeCCompilerABI.c.o   -c /usr/share/cmake-3.5/Modules/CMakeCCompilerABI.c]
  ignore line: [Linking C executable cmTC_cc4fc]
  ignore line: [/usr/bin/cmake -E cmake_link_script CMakeFiles/cmTC_cc4fc.dir/link.txt --verbose=1]
  ignore line: [/usr/bin/cc      -v CMakeFiles/cmTC_cc4fc.dir/CMakeCCompilerABI.c.o  -o cmTC_cc4fc -rdynamic  ]
  ignore line: [Using built-in specs.]
  ignore line: [COLLECT_GCC=/usr/bin/cc]
  ignore line: [COLLECT_LTO_WRAPPER=/usr/lib/gcc/x86_64-linux-gnu/5/lto-wrapper]
  ignore line: [Target: x86_64-linux-gnu]
  ignore line: [Configured with: ../src/configure -v --with-pkgversion='Ubuntu 5.4.0-6ubuntu1~16.04.10' --with-bugurl=file:///usr/share/doc/gcc-5/README.Bugs --enable-languages=c,ada,c++,java,go,d,fortran,objc,obj-c++ --prefix=/usr --program-suffix=-5 --enable-shared --enable-linker-build-id --libexecdir=/usr/lib --without-included-gettext --enable-threads=posix --libdir=/usr/lib --enable-nls --with-sysroot=/ --enable-clocale=gnu --enable-libstdcxx-debug --enable-libstdcxx-time=yes --with-default-libstdcxx-abi=new --enable-gnu-unique-object --disable-vtable-verify --enable-libmpx --enable-plugin --with-system-zlib --disable-browser-plugin --enable-java-awt=gtk --enable-gtk-cairo --with-java-home=/usr/lib/jvm/java-1.5.0-gcj-5-amd64/jre --enable-java-home --with-jvm-root-dir=/usr/lib/jvm/java-1.5.0-gcj-5-amd64 --with-jvm-jar-dir=/usr/lib/jvm-exports/java-1.5.0-gcj-5-amd64 --with-arch-directory=amd64 --with-ecj-jar=/usr/share/java/eclipse-ecj.jar --enable-objc-gc --enable-multiarch --disable-werror --with-arch-32=i686 --with-abi=m64 --with-multilib-list=m32,m64,mx32 --enable-multilib --with-tune=generic --enable-checking=release --build=x86_64-linux-gnu --host=x86_64-linux-gnu --target=x86_64-linux-gnu]
  ignore line: [Thread model: posix]
  ignore line: [gcc version 5.4.0 20160609 (Ubuntu 5.4.0-6ubuntu1~16.04.10) ]
  ignore line: [COMPILER_PATH=/usr/lib/gcc/x86_64-linux-gnu/5/:/usr/lib/gcc/x86_64-linux-gnu/5/:/usr/lib/gcc/x86_64-linux-gnu/:/usr/lib/gcc/x86_64-linux-gnu/5/:/usr/lib/gcc/x86_64-linux-gnu/]
  ignore line: [LIBRARY_PATH=/usr/lib/gcc/x86_64-linux-gnu/5/:/usr/lib/gcc/x86_64-linux-gnu/5/../../../x86_64-linux-gnu/:/usr/lib/gcc/x86_64-linux-gnu/5/../../../../lib/:/lib/x86_64-linux-gnu/:/lib/../lib/:/usr/lib/x86_64-linux-gnu/:/usr/lib/../lib/:/usr/lib/gcc/x86_64-linux-gnu/5/../../../:/lib/:/usr/lib/]
  ignore line: [COLLECT_GCC_OPTIONS='-v' '-o' 'cmTC_cc4fc' '-rdynamic' '-mtune=generic' '-march=x86-64']
  link line: [ /usr/lib/gcc/x86_64-linux-gnu/5/collect2 -plugin /usr/lib/gcc/x86_64-linux-gnu/5/liblto_plugin.so -plugin-opt=/usr/lib/gcc/x86_64-linux-gnu/5/lto-wrapper -plugin-opt=-fresolution=/tmp/ccFY5wdf.res -plugin-opt=-pass-through=-lgcc -plugin-opt=-pass-through=-lgcc_s -plugin-opt=-pass-through=-lc -plugin-opt=-pass-through=-lgcc -plugin-opt=-pass-through=-lgcc_s --sysroot=/ --build-id --eh-frame-hdr -m elf_x86_64 --hash-style=gnu --as-needed -export-dynamic -dynamic-linker /lib64/ld-linux-x86-64.so.2 -z relro -o cmTC_cc4fc /usr/lib/gcc/x86_64-linux-gnu/5/../../../x86_64-linux-gnu/crt1.o /usr/lib/gcc/x86_64-linux-gnu/5/../../../x86_64-linux-gnu/crti.o /usr/lib/gcc/x86_64-linux-gnu/5/crtbegin.o -L/usr/lib/gcc/x86_64-linux-gnu/5 -L/usr/lib/gcc/x86_64-linux-gnu/5/../../../x86_64-linux-gnu -L/usr/lib/gcc/x86_64-linux-gnu/5/../../../../lib -L/lib/x86_64-linux-gnu -L/lib/../lib -L/usr/lib/x86_64-linux-gnu -L/usr/lib/../lib -L/usr/lib/gcc/x86_64-linux-gnu/5/../../.. CMakeFiles/cmTC_cc4fc.dir/CMakeCCompilerABI.c.o -lgcc --as-needed -lgcc_s --no-as-needed -lc -lgcc --as-needed -lgcc_s --no-as-needed /usr/lib/gcc/x86_64-linux-gnu/5/crtend.o /usr/lib/gcc/x86_64-linux-gnu/5/../../../x86_64-linux-gnu/crtn.o]
    arg [/usr/lib/gcc/x86_64-linux-gnu/5/collect2] ==> ignore
    arg [-plugin] ==> ignore
    arg [/usr/lib/gcc/x86_64-linux-gnu/5/liblto_plugin.so] ==> ignore
    arg [-plugin-opt=/usr/lib/gcc/x86_64-linux-gnu/5/lto-wrapper] ==> ignore
    arg [-plugin-opt=-fresolution=/tmp/ccFY5wdf.res] ==> ignore
    arg [-plugin-opt=-pass-through=-lgcc] ==> ignore
    arg [-plugin-opt=-pass-through=-lgcc_s] ==> ignore
    arg [-plugin-opt=-pass-through=-lc] ==> ignore
    arg [-plugin-opt=-pass-through=-lgcc] ==> ignore
    arg [-plugin-opt=-pass-through=-lgcc_s] ==> ignore
    arg [--sysroot=/] ==> ignore
    arg [--build-id] ==> ignore
    arg [--eh-frame-hdr] ==> ignore
    arg [-m] ==> ignore
    arg [elf_x86_64] ==> ignore
    arg [--hash-style=gnu] ==> ignore
    arg [--as-needed] ==> ignore
    arg [-export-dynamic] ==> ignore
    arg [-dynamic-linker] ==> ignore
    arg [/lib64/ld-linux-x86-64.so.2] ==> ignore
    arg [-zrelro] ==> ignore
    arg [-o] ==> ignore
    arg [cmTC_cc4fc] ==> ignore
    arg [/usr/lib/gcc/x86_64-linux-gnu/5/../../../x86_64-linux-gnu/crt1.o] ==> ignore
    arg [/usr/lib/gcc/x86_64-linux-gnu/5/../../../x86_64-linux-gnu/crti.o] ==> ignore
    arg [/usr/lib/gcc/x86_64-linux-gnu/5/crtbegin.o] ==> ignore
    arg [-L/usr/lib/gcc/x86_64-linux-gnu/5] ==> dir [/usr/lib/gcc/x86_64-linux-gnu/5]
    arg [-L/usr/lib/gcc/x86_64-linux-gnu/5/../../../x86_64-linux-gnu] ==> dir [/usr/lib/gcc/x86_64-linux-gnu/5/../../../x86_64-linux-gnu]
    arg [-L/usr/lib/gcc/x86_64-linux-gnu/5/../../../../lib] ==> dir [/usr/lib/gcc/x86_64-linux-gnu/5/../../../../lib]
    arg [-L/lib/x86_64-linux-gnu] ==> dir [/lib/x86_64-linux-gnu]
    arg [-L/lib/../lib] ==> dir [/lib/../lib]
    arg [-L/usr/lib/x86_64-linux-gnu] ==> dir [/usr/lib/x86_64-linux-gnu]
    arg [-L/usr/lib/../lib] ==> dir [/usr/lib/../lib]
    arg [-L/usr/lib/gcc/x86_64-linux-gnu/5/../../..] ==> dir [/usr/lib/gcc/x86_64-linux-gnu/5/../../..]
    arg [CMakeFiles/cmTC_cc4fc.dir/CMakeCCompilerABI.c.o] ==> ignore
    arg [-lgcc] ==> lib [gcc]
    arg [--as-needed] ==> ignore
    arg [-lgcc_s] ==> lib [gcc_s]
    arg [--no-as-needed] ==> ignore
    arg [-lc] ==> lib [c]
    arg [-lgcc] ==> lib [gcc]
    arg [--as-needed] ==> ignore
    arg [-lgcc_s] ==> lib [gcc_s]
    arg [--no-as-needed] ==> ignore
    arg [/usr/lib/gcc/x86_64-linux-gnu/5/crtend.o] ==> ignore
    arg [/usr/lib/gcc/x86_64-linux-gnu/5/../../../x86_64-linux-gnu/crtn.o] ==> ignore
  remove lib [gcc]
  remove lib [gcc_s]
  remove lib [gcc]
  remove lib [gcc_s]
  collapse library dir [/usr/lib/gcc/x86_64-linux-gnu/5] ==> [/usr/lib/gcc/x86_64-linux-gnu/5]
  collapse library dir [/usr/lib/gcc/x86_64-linux-gnu/5/../../../x86_64-linux-gnu] ==> [/usr/lib/x86_64-linux-gnu]
  collapse library dir [/usr/lib/gcc/x86_64-linux-gnu/5/../../../../lib] ==> [/usr/lib]
  collapse library dir [/lib/x86_64-linux-gnu] ==> [/lib/x86_64-linux-gnu]
  collapse library dir [/lib/../lib] ==> [/lib]
  collapse library dir [/usr/lib/x86_64-linux-gnu] ==> [/usr/lib/x86_64-linux-gnu]
  collapse library dir [/usr/lib/../lib] ==> [/usr/lib]
  collapse library dir [/usr/lib/gcc/x86_64-linux-gnu/5/../../..] ==> [/usr/lib]
  implicit libs: [c]
  implicit dirs: [/usr/lib/gcc/x86_64-linux-gnu/5;/usr/lib/x86_64-linux-gnu;/usr/lib;/lib/x86_64-linux-gnu;/lib]
  implicit fwks: []




Detecting C [-std=c11] compiler features compiled with the following output:
Change Dir: /home/ggory15/Robostar/build/CMakeFiles/CMakeTmp

Run Build Command:"/usr/bin/make" "cmTC_6a151/fast"
/usr/bin/make -f CMakeFiles/cmTC_6a151.dir/build.make CMakeFiles/cmTC_6a151.dir/build
make[1]: Entering directory '/home/ggory15/Robostar/build/CMakeFiles/CMakeTmp'
Building C object CMakeFiles/cmTC_6a151.dir/feature_tests.c.o
/usr/bin/cc    -std=c11 -o CMakeFiles/cmTC_6a151.dir/feature_tests.c.o   -c /home/ggory15/Robostar/build/CMakeFiles/feature_tests.c
Linking C executable cmTC_6a151
/usr/bin/cmake -E cmake_link_script CMakeFiles/cmTC_6a151.dir/link.txt --verbose=1
/usr/bin/cc       CMakeFiles/cmTC_6a151.dir/feature_tests.c.o  -o cmTC_6a151 -rdynamic 
make[1]: Leaving directory '/home/ggory15/Robostar/build/CMakeFiles/CMakeTmp'


    Feature record: C_FEATURE:1c_function_prototypes
    Feature record: C_FEATURE:1c_restrict
    Feature record: C_FEATURE:1c_static_assert
    Feature record: C_FEATURE:1c_variadic_macros


Detecting C [-std=c99] compiler features compiled with the following output:
Change Dir: /home/ggory15/Robostar/build/CMakeFiles/CMakeTmp

Run Build Command:"/usr/bin/make" "cmTC_f63d0/fast"
/usr/bin/make -f CMakeFiles/cmTC_f63d0.dir/build.make CMakeFiles/cmTC_f63d0.dir/build
make[1]: Entering directory '/home/ggory15/Robostar/build/CMakeFiles/CMakeTmp'
Building C object CMakeFiles/cmTC_f63d0.dir/feature_tests.c.o
/usr/bin/cc    -std=c99 -o CMakeFiles/cmTC_f63d0.dir/feature_tests.c.o   -c /home/ggory15/Robostar/build/CMakeFiles/feature_tests.c
Linking C executable cmTC_f63d0
/usr/bin/cmake -E cmake_link_script CMakeFiles/cmTC_f63d0.dir/link.txt --verbose=1
/usr/bin/cc       CMakeFiles/cmTC_f63d0.dir/feature_tests.c.o  -o cmTC_f63d0 -rdynamic 
make[1]: Leaving directory '/home/ggory15/Robostar/build/CMakeFiles/CMakeTmp'


    Feature record: C_FEATURE:1c_function_prototypes
    Feature record: C_FEATURE:1c_restrict
    Feature record: C_FEATURE:0c_static_assert
    Feature record: C_FEATURE:1c_variadic_macros


Detecting C [-std=c90] compiler features compiled with the following output:
Change Dir: /home/ggory15/Robostar/build/CMakeFiles/CMakeTmp

Run Build Command:"/usr/bin/make" "cmTC_d5700/fast"
/usr/bin/make -f CMakeFiles/cmTC_d5700.dir/build.make CMakeFiles/cmTC_d5700.dir/build
make[1]: Entering directory '/home/ggory15/Robostar/build/CMakeFiles/CMakeTmp'
Building C object CMakeFiles/cmTC_d5700.dir/feature_tests.c.o
/usr/bin/cc    -std=c90 -o CMakeFiles/cmTC_d5700.dir/feature_tests.c.o   -c /home/ggory15/Robostar/build/CMakeFiles/feature_tests.c
Linking C executable cmTC_d5700
/usr/bin/cmake -E cmake_link_script CMakeFiles/cmTC_d5700.dir/link.txt --verbose=1
/usr/bin/cc       CMakeFiles/cmTC_d5700.dir/feature_tests.c.o  -o cmTC_d5700 -rdynamic 
make[1]: Leaving directory '/home/ggory15/Robostar/build/CMakeFiles/CMakeTmp'


    Feature record: C_FEATURE:1c_function_prototypes
    Feature record: C_FEATURE:0c_restrict
    Feature record: C_FEATURE:0c_static_assert
    Feature record: C_FEATURE:0c_variadic_macros
Determining if the CXX compiler works passed with the following output:
Change Dir: /home/ggory15/Robostar/build/CMakeFiles/CMakeTmp

Run Build Command:"/usr/bin/make" "cmTC_87370/fast"
/usr/bin/make -f CMakeFiles/cmTC_87370.dir/build.make CMakeFiles/cmTC_87370.dir/build
make[1]: Entering directory '/home/ggory15/Robostar/build/CMakeFiles/CMakeTmp'
Building CXX object CMakeFiles/cmTC_87370.dir/testCXXCompiler.cxx.o
/usr/bin/c++      -o CMakeFiles/cmTC_87370.dir/testCXXCompiler.cxx.o -c /home/ggory15/Robostar/build/CMakeFiles/CMakeTmp/testCXXCompiler.cxx
Linking CXX executable cmTC_87370
/usr/bin/cmake -E cmake_link_script CMakeFiles/cmTC_87370.dir/link.txt --verbose=1
/usr/bin/c++        CMakeFiles/cmTC_87370.dir/testCXXCompiler.cxx.o  -o cmTC_87370 -rdynamic 
make[1]: Leaving directory '/home/ggory15/Robostar/build/CMakeFiles/CMakeTmp'


Detecting CXX compiler ABI info compiled with the following output:
Change Dir: /home/ggory15/Robostar/build/CMakeFiles/CMakeTmp

Run Build Command:"/usr/bin/make" "cmTC_92077/fast"
/usr/bin/make -f CMakeFiles/cmTC_92077.dir/build.make CMakeFiles/cmTC_92077.dir/build
make[1]: Entering directory '/home/ggory15/Robostar/build/CMakeFiles/CMakeTmp'
Building CXX object CMakeFiles/cmTC_92077.dir/CMakeCXXCompilerABI.cpp.o
/usr/bin/c++      -o CMakeFiles/cmTC_92077.dir/CMakeCXXCompilerABI.cpp.o -c /usr/share/cmake-3.5/Modules/CMakeCXXCompilerABI.cpp
Linking CXX executable cmTC_92077
/usr/bin/cmake -E cmake_link_script CMakeFiles/cmTC_92077.dir/link.txt --verbose=1
/usr/bin/c++       -v CMakeFiles/cmTC_92077.dir/CMakeCXXCompilerABI.cpp.o  -o cmTC_92077 -rdynamic  
Using built-in specs.
COLLECT_GCC=/usr/bin/c++
COLLECT_LTO_WRAPPER=/usr/lib/gcc/x86_64-linux-gnu/5/lto-wrapper
Target: x86_64-linux-gnu
Configured with: ../src/configure -v --with-pkgversion='Ubuntu 5.4.0-6ubuntu1~16.04.10' --with-bugurl=file:///usr/share/doc/gcc-5/README.Bugs --enable-languages=c,ada,c++,java,go,d,fortran,objc,obj-c++ --prefix=/usr --program-suffix=-5 --enable-shared --enable-linker-build-id --libexecdir=/usr/lib --without-included-gettext --enable-threads=posix --libdir=/usr/lib --enable-nls --with-sysroot=/ --enable-clocale=gnu --enable-libstdcxx-debug --enable-libstdcxx-time=yes --with-default-libstdcxx-abi=new --enable-gnu-unique-object --disable-vtable-verify --enable-libmpx --enable-plugin --with-system-zlib --disable-browser-plugin --enable-java-awt=gtk --enable-gtk-cairo --with-java-home=/usr/lib/jvm/java-1.5.0-gcj-5-amd64/jre --enable-java-home --with-jvm-root-dir=/usr/lib/jvm/java-1.5.0-gcj-5-amd64 --with-jvm-jar-dir=/usr/lib/jvm-exports/java-1.5.0-gcj-5-amd64 --with-arch-directory=amd64 --with-ecj-jar=/usr/share/java/eclipse-ecj.jar --enable-objc-gc --enable-multiarch --disable-werror --with-arch-32=i686 --with-abi=m64 --with-multilib-list=m32,m64,mx32 --enable-multilib --with-tune=generic --enable-checking=release --build=x86_64-linux-gnu --host=x86_64-linux-gnu --target=x86_64-linux-gnu
Thread model: posix
gcc version 5.4.0 20160609 (Ubuntu 5.4.0-6ubuntu1~16.04.10) 
COMPILER_PATH=/usr/lib/gcc/x86_64-linux-gnu/5/:/usr/lib/gcc/x86_64-linux-gnu/5/:/usr/lib/gcc/x86_64-linux-gnu/:/usr/lib/gcc/x86_64-linux-gnu/5/:/usr/lib/gcc/x86_64-linux-gnu/
LIBRARY_PATH=/usr/lib/gcc/x86_64-linux-gnu/5/:/usr/lib/gcc/x86_64-linux-gnu/5/../../../x86_64-linux-gnu/:/usr/lib/gcc/x86_64-linux-gnu/5/../../../../lib/:/lib/x86_64-linux-gnu/:/lib/../lib/:/usr/lib/x86_64-linux-gnu/:/usr/lib/../lib/:/usr/lib/gcc/x86_64-linux-gnu/5/../../../:/lib/:/usr/lib/
COLLECT_GCC_OPTIONS='-v' '-o' 'cmTC_92077' '-rdynamic' '-shared-libgcc' '-mtune=generic' '-march=x86-64'
 /usr/lib/gcc/x86_64-linux-gnu/5/collect2 -plugin /usr/lib/gcc/x86_64-linux-gnu/5/liblto_plugin.so -plugin-opt=/usr/lib/gcc/x86_64-linux-gnu/5/lto-wrapper -plugin-opt=-fresolution=/tmp/ccKplE8s.res -plugin-opt=-pass-through=-lgcc_s -plugin-opt=-pass-through=-lgcc -plugin-opt=-pass-through=-lc -plugin-opt=-pass-through=-lgcc_s -plugin-opt=-pass-through=-lgcc --sysroot=/ --build-id --eh-frame-hdr -m elf_x86_64 --hash-style=gnu --as-needed -export-dynamic -dynamic-linker /lib64/ld-linux-x86-64.so.2 -z relro -o cmTC_92077 /usr/lib/gcc/x86_64-linux-gnu/5/../../../x86_64-linux-gnu/crt1.o /usr/lib/gcc/x86_64-linux-gnu/5/../../../x86_64-linux-gnu/crti.o /usr/lib/gcc/x86_64-linux-gnu/5/crtbegin.o -L/usr/lib/gcc/x86_64-linux-gnu/5 -L/usr/lib/gcc/x86_64-linux-gnu/5/../../../x86_64-linux-gnu -L/usr/lib/gcc/x86_64-linux-gnu/5/../../../../lib -L/lib/x86_64-linux-gnu -L/lib/../lib -L/usr/lib/x86_64-linux-gnu -L/usr/lib/../lib -L/usr/lib/gcc/x86_64-linux-gnu/5/../../.. CMakeFiles/cmTC_92077.dir/CMakeCXXCompilerABI.cpp.o -lstdc++ -lm -lgcc_s -lgcc -lc -lgcc_s -lgcc /usr/lib/gcc/x86_64-linux-gnu/5/crtend.o /usr/lib/gcc/x86_64-linux-gnu/5/../../../x86_64-linux-gnu/crtn.o
make[1]: Leaving directory '/home/ggory15/Robostar/build/CMakeFiles/CMakeTmp'


Parsed CXX implicit link information from above output:
  link line regex: [^( *|.*[/\])(ld|([^/\]+-)?ld|collect2)[^/\]*( |$)]
  ignore line: [Change Dir: /home/ggory15/Robostar/build/CMakeFiles/CMakeTmp]
  ignore line: []
  ignore line: [Run Build Command:"/usr/bin/make" "cmTC_92077/fast"]
  ignore line: [/usr/bin/make -f CMakeFiles/cmTC_92077.dir/build.make CMakeFiles/cmTC_92077.dir/build]
  ignore line: [make[1]: Entering directory '/home/ggory15/Robostar/build/CMakeFiles/CMakeTmp']
  ignore line: [Building CXX object CMakeFiles/cmTC_92077.dir/CMakeCXXCompilerABI.cpp.o]
  ignore line: [/usr/bin/c++      -o CMakeFiles/cmTC_92077.dir/CMakeCXXCompilerABI.cpp.o -c /usr/share/cmake-3.5/Modules/CMakeCXXCompilerABI.cpp]
  ignore line: [Linking CXX executable cmTC_92077]
  ignore line: [/usr/bin/cmake -E cmake_link_script CMakeFiles/cmTC_92077.dir/link.txt --verbose=1]
  ignore line: [/usr/bin/c++       -v CMakeFiles/cmTC_92077.dir/CMakeCXXCompilerABI.cpp.o  -o cmTC_92077 -rdynamic  ]
  ignore line: [Using built-in specs.]
  ignore line: [COLLECT_GCC=/usr/bin/c++]
  ignore line: [COLLECT_LTO_WRAPPER=/usr/lib/gcc/x86_64-linux-gnu/5/lto-wrapper]
  ignore line: [Target: x86_64-linux-gnu]
  ignore line: [Configured with: ../src/configure -v --with-pkgversion='Ubuntu 5.4.0-6ubuntu1~16.04.10' --with-bugurl=file:///usr/share/doc/gcc-5/README.Bugs --enable-languages=c,ada,c++,java,go,d,fortran,objc,obj-c++ --prefix=/usr --program-suffix=-5 --enable-shared --enable-linker-build-id --libexecdir=/usr/lib --without-included-gettext --enable-threads=posix --libdir=/usr/lib --enable-nls --with-sysroot=/ --enable-clocale=gnu --enable-libstdcxx-debug --enable-libstdcxx-time=yes --with-default-libstdcxx-abi=new --enable-gnu-unique-object --disable-vtable-verify --enable-libmpx --enable-plugin --with-system-zlib --disable-browser-plugin --enable-java-awt=gtk --enable-gtk-cairo --with-java-home=/usr/lib/jvm/java-1.5.0-gcj-5-amd64/jre --enable-java-home --with-jvm-root-dir=/usr/lib/jvm/java-1.5.0-gcj-5-amd64 --with-jvm-jar-dir=/usr/lib/jvm-exports/java-1.5.0-gcj-5-amd64 --with-arch-directory=amd64 --with-ecj-jar=/usr/share/java/eclipse-ecj.jar --enable-objc-gc --enable-multiarch --disable-werror --with-arch-32=i686 --with-abi=m64 --with-multilib-list=m32,m64,mx32 --enable-multilib --with-tune=generic --enable-checking=release --build=x86_64-linux-gnu --host=x86_64-linux-gnu --target=x86_64-linux-gnu]
  ignore line: [Thread model: posix]
  ignore line: [gcc version 5.4.0 20160609 (Ubuntu 5.4.0-6ubuntu1~16.04.10) ]
  ignore line: [COMPILER_PATH=/usr/lib/gcc/x86_64-linux-gnu/5/:/usr/lib/gcc/x86_64-linux-gnu/5/:/usr/lib/gcc/x86_64-linux-gnu/:/usr/lib/gcc/x86_64-linux-gnu/5/:/usr/lib/gcc/x86_64-linux-gnu/]
  ignore line: [LIBRARY_PATH=/usr/lib/gcc/x86_64-linux-gnu/5/:/usr/lib/gcc/x86_64-linux-gnu/5/../../../x86_64-linux-gnu/:/usr/lib/gcc/x86_64-linux-gnu/5/../../../../lib/:/lib/x86_64-linux-gnu/:/lib/../lib/:/usr/lib/x86_64-linux-gnu/:/usr/lib/../lib/:/usr/lib/gcc/x86_64-linux-gnu/5/../../../:/lib/:/usr/lib/]
  ignore line: [COLLECT_GCC_OPTIONS='-v' '-o' 'cmTC_92077' '-rdynamic' '-shared-libgcc' '-mtune=generic' '-march=x86-64']
  link line: [ /usr/lib/gcc/x86_64-linux-gnu/5/collect2 -plugin /usr/lib/gcc/x86_64-linux-gnu/5/liblto_plugin.so -plugin-opt=/usr/lib/gcc/x86_64-linux-gnu/5/lto-wrapper -plugin-opt=-fresolution=/tmp/ccKplE8s.res -plugin-opt=-pass-through=-lgcc_s -plugin-opt=-pass-through=-lgcc -plugin-opt=-pass-through=-lc -plugin-opt=-pass-through=-lgcc_s -plugin-opt=-pass-through=-lgcc --sysroot=/ --build-id --eh-frame-hdr -m elf_x86_64 --hash-style=gnu --as-needed -export-dynamic -dynamic-linker /lib64/ld-linux-x86-64.so.2 -z relro -o cmTC_92077 /usr/lib/gcc/x86_64-linux-gnu/5/../../../x86_64-linux-gnu/crt1.o /usr/lib/gcc/x86_64-linux-gnu/5/../../../x86_64-linux-gnu/crti.o /usr/lib/gcc/x86_64-linux-gnu/5/crtbegin.o -L/usr/lib/gcc/x86_64-linux-gnu/5 -L/usr/lib/gcc/x86_64-linux-gnu/5/../../../x86_64-linux-gnu -L/usr/lib/gcc/x86_64-linux-gnu/5/../../../../lib -L/lib/x86_64-linux-gnu -L/lib/../lib -L/usr/lib/x86_64-linux-gnu -L/usr/lib/../lib -L/usr/lib/gcc/x86_64-linux-gnu/5/../../.. CMakeFiles/cmTC_92077.dir/CMakeCXXCompilerABI.cpp.o -lstdc++ -lm -lgcc_s -lgcc -lc -lgcc_s -lgcc /usr/lib/gcc/x86_64-linux-gnu/5/crtend.o /usr/lib/gcc/x86_64-linux-gnu/5/../../../x86_64-linux-gnu/crtn.o]
    arg [/usr/lib/gcc/x86_64-linux-gnu/5/collect2] ==> ignore
    arg [-plugin] ==> ignore
    arg [/usr/lib/gcc/x86_64-linux-gnu/5/liblto_plugin.so] ==> ignore
    arg [-plugin-opt=/usr/lib/gcc/x86_64-linux-gnu/5/lto-wrapper] ==> ignore
    arg [-plugin-opt=-fresolution=/tmp/ccKplE8s.res] ==> ignore
    arg [-plugin-opt=-pass-through=-lgcc_s] ==> ignore
    arg [-plugin-opt=-pass-through=-lgcc] ==> ignore
    arg [-plugin-opt=-pass-through=-lc] ==> ignore
    arg [-plugin-opt=-pass-through=-lgcc_s] ==> ignore
    arg [-plugin-opt=-pass-through=-lgcc] ==> ignore
    arg [--sysroot=/] ==> ignore
    arg [--build-id] ==> ignore
    arg [--eh-frame-hdr] ==> ignore
    arg [-m] ==> ignore
    arg [elf_x86_64] ==> ignore
    arg [--hash-style=gnu] ==> ignore
    arg [--as-needed] ==> ignore
    arg [-export-dynamic] ==> ignore
    arg [-dynamic-linker] ==> ignore
    arg [/lib64/ld-linux-x86-64.so.2] ==> ignore
    arg [-zrelro] ==> ignore
    arg [-o] ==> ignore
    arg [cmTC_92077] ==> ignore
    arg [/usr/lib/gcc/x86_64-linux-gnu/5/../../../x86_64-linux-gnu/crt1.o] ==> ignore
    arg [/usr/lib/gcc/x86_64-linux-gnu/5/../../../x86_64-linux-gnu/crti.o] ==> ignore
    arg [/usr/lib/gcc/x86_64-linux-gnu/5/crtbegin.o] ==> ignore
    arg [-L/usr/lib/gcc/x86_64-linux-gnu/5] ==> dir [/usr/lib/gcc/x86_64-linux-gnu/5]
    arg [-L/usr/lib/gcc/x86_64-linux-gnu/5/../../../x86_64-linux-gnu] ==> dir [/usr/lib/gcc/x86_64-linux-gnu/5/../../../x86_64-linux-gnu]
    arg [-L/usr/lib/gcc/x86_64-linux-gnu/5/../../../../lib] ==> dir [/usr/lib/gcc/x86_64-linux-gnu/5/../../../../lib]
    arg [-L/lib/x86_64-linux-gnu] ==> dir [/lib/x86_64-linux-gnu]
    arg [-L/lib/../lib] ==> dir [/lib/../lib]
    arg [-L/usr/lib/x86_64-linux-gnu] ==> dir [/usr/lib/x86_64-linux-gnu]
    arg [-L/usr/lib/../lib] ==> dir [/usr/lib/../lib]
    arg [-L/usr/lib/gcc/x86_64-linux-gnu/5/../../..] ==> dir [/usr/lib/gcc/x86_64-linux-gnu/5/../../..]
    arg [CMakeFiles/cmTC_92077.dir/CMakeCXXCompilerABI.cpp.o] ==> ignore
    arg [-lstdc++] ==> lib [stdc++]
    arg [-lm] ==> lib [m]
    arg [-lgcc_s] ==> lib [gcc_s]
    arg [-lgcc] ==> lib [gcc]
    arg [-lc] ==> lib [c]
    arg [-lgcc_s] ==> lib [gcc_s]
    arg [-lgcc] ==> lib [gcc]
    arg [/usr/lib/gcc/x86_64-linux-gnu/5/crtend.o] ==> ignore
    arg [/usr/lib/gcc/x86_64-linux-gnu/5/../../../x86_64-linux-gnu/crtn.o] ==> ignore
  remove lib [gcc_s]
  remove lib [gcc]
  remove lib [gcc_s]
  remove lib [gcc]
  collapse library dir [/usr/lib/gcc/x86_64-linux-gnu/5] ==> [/usr/lib/gcc/x86_64-linux-gnu/5]
  collapse library dir [/usr/lib/gcc/x86_64-linux-gnu/5/../../../x86_64-linux-gnu] ==> [/usr/lib/x86_64-linux-gnu]
  collapse library dir [/usr/lib/gcc/x86_64-linux-gnu/5/../../../../lib] ==> [/usr/lib]
  collapse library dir [/lib/x86_64-linux-gnu] ==> [/lib/x86_64-linux-gnu]
  collapse library dir [/lib/../lib] ==> [/lib]
  collapse library dir [/usr/lib/x86_64-linux-gnu] ==> [/usr/lib/x86_64-linux-gnu]
  collapse library dir [/usr/lib/../lib] ==> [/usr/lib]
  collapse library dir [/usr/lib/gcc/x86_64-linux-gnu/5/../../..] ==> [/usr/lib]
  implicit libs: [stdc++;m;c]
  implicit dirs: [/usr/lib/gcc/x86_64-linux-gnu/5;/usr/lib/x86_64-linux-gnu;/usr/lib;/lib/x86_64-linux-gnu;/lib]
  implicit fwks: []




Detecting CXX [-std=c++14] compiler features compiled with the following output:
Change Dir: /home/ggory15/Robostar/build/CMakeFiles/CMakeTmp

Run Build Command:"/usr/bin/make" "cmTC_7d699/fast"
/usr/bin/make -f CMakeFiles/cmTC_7d699.dir/build.make CMakeFiles/cmTC_7d699.dir/build
make[1]: Entering directory '/home/ggory15/Robostar/build/CMakeFiles/CMakeTmp'
Building CXX object CMakeFiles/cmTC_7d699.dir/feature_tests.cxx.o
/usr/bin/c++     -std=c++14 -o CMakeFiles/cmTC_7d699.dir/feature_tests.cxx.o -c /home/ggory15/Robostar/build/CMakeFiles/feature_tests.cxx
Linking CXX executable cmTC_7d699
/usr/bin/cmake -E cmake_link_script CMakeFiles/cmTC_7d699.dir/link.txt --verbose=1
/usr/bin/c++        CMakeFiles/cmTC_7d699.dir/feature_tests.cxx.o  -o cmTC_7d699 -rdynamic 
make[1]: Leaving directory '/home/ggory15/Robostar/build/CMakeFiles/CMakeTmp'


    Feature record: CXX_FEATURE:1cxx_aggregate_default_initializers
    Feature record: CXX_FEATURE:1cxx_alias_templates
    Feature record: CXX_FEATURE:1cxx_alignas
    Feature record: CXX_FEATURE:1cxx_alignof
    Feature record: CXX_FEATURE:1cxx_attributes
    Feature record: CXX_FEATURE:1cxx_attribute_deprecated
    Feature record: CXX_FEATURE:1cxx_auto_type
    Feature record: CXX_FEATURE:1cxx_binary_literals
    Feature record: CXX_FEATURE:1cxx_constexpr
    Feature record: CXX_FEATURE:1cxx_contextual_conversions
    Feature record: CXX_FEATURE:1cxx_decltype
    Feature record: CXX_FEATURE:1cxx_decltype_auto
    Feature record: CXX_FEATURE:1cxx_decltype_incomplete_return_types
    Feature record: CXX_FEATURE:1cxx_default_function_template_args
    Feature record: CXX_FEATURE:1cxx_defaulted_functions
    Feature record: CXX_FEATURE:1cxx_defaulted_move_initializers
    Feature record: CXX_FEATURE:1cxx_delegating_constructors
    Feature record: CXX_FEATURE:1cxx_deleted_functions
    Feature record: CXX_FEATURE:1cxx_digit_separators
    Feature record: CXX_FEATURE:1cxx_enum_forward_declarations
    Feature record: CXX_FEATURE:1cxx_explicit_conversions
    Feature record: CXX_FEATURE:1cxx_extended_friend_declarations
    Feature record: CXX_FEATURE:1cxx_extern_templates
    Feature record: CXX_FEATURE:1cxx_final
    Feature record: CXX_FEATURE:1cxx_func_identifier
    Feature record: CXX_FEATURE:1cxx_generalized_initializers
    Feature record: CXX_FEATURE:1cxx_generic_lambdas
    Feature record: CXX_FEATURE:1cxx_inheriting_constructors
    Feature record: CXX_FEATURE:1cxx_inline_namespaces
    Feature record: CXX_FEATURE:1cxx_lambdas
    Feature record: CXX_FEATURE:1cxx_lambda_init_captures
    Feature record: CXX_FEATURE:1cxx_local_type_template_args
    Feature record: CXX_FEATURE:1cxx_long_long_type
    Feature record: CXX_FEATURE:1cxx_noexcept
    Feature record: CXX_FEATURE:1cxx_nonstatic_member_init
    Feature record: CXX_FEATURE:1cxx_nullptr
    Feature record: CXX_FEATURE:1cxx_override
    Feature record: CXX_FEATURE:1cxx_range_for
    Feature record: CXX_FEATURE:1cxx_raw_string_literals
    Feature record: CXX_FEATURE:1cxx_reference_qualified_functions
    Feature record: CXX_FEATURE:1cxx_relaxed_constexpr
    Feature record: CXX_FEATURE:1cxx_return_type_deduction
    Feature record: CXX_FEATURE:1cxx_right_angle_brackets
    Feature record: CXX_FEATURE:1cxx_rvalue_references
    Feature record: CXX_FEATURE:1cxx_sizeof_member
    Feature record: CXX_FEATURE:1cxx_static_assert
    Feature record: CXX_FEATURE:1cxx_strong_enums
    Feature record: CXX_FEATURE:1cxx_template_template_parameters
    Feature record: CXX_FEATURE:1cxx_thread_local
    Feature record: CXX_FEATURE:1cxx_trailing_return_types
    Feature record: CXX_FEATURE:1cxx_unicode_literals
    Feature record: CXX_FEATURE:1cxx_uniform_initialization
    Feature record: CXX_FEATURE:1cxx_unrestricted_unions
    Feature record: CXX_FEATURE:1cxx_user_literals
    Feature record: CXX_FEATURE:1cxx_variable_templates
    Feature record: CXX_FEATURE:1cxx_variadic_macros
    Feature record: CXX_FEATURE:1cxx_variadic_templates


Detecting CXX [-std=c++11] compiler features compiled with the following output:
Change Dir: /home/ggory15/Robostar/build/CMakeFiles/CMakeTmp

Run Build Command:"/usr/bin/make" "cmTC_82acb/fast"
/usr/bin/make -f CMakeFiles/cmTC_82acb.dir/build.make CMakeFiles/cmTC_82acb.dir/build
make[1]: Entering directory '/home/ggory15/Robostar/build/CMakeFiles/CMakeTmp'
Building CXX object CMakeFiles/cmTC_82acb.dir/feature_tests.cxx.o
/usr/bin/c++     -std=c++11 -o CMakeFiles/cmTC_82acb.dir/feature_tests.cxx.o -c /home/ggory15/Robostar/build/CMakeFiles/feature_tests.cxx
Linking CXX executable cmTC_82acb
/usr/bin/cmake -E cmake_link_script CMakeFiles/cmTC_82acb.dir/link.txt --verbose=1
/usr/bin/c++        CMakeFiles/cmTC_82acb.dir/feature_tests.cxx.o  -o cmTC_82acb -rdynamic 
make[1]: Leaving directory '/home/ggory15/Robostar/build/CMakeFiles/CMakeTmp'


    Feature record: CXX_FEATURE:0cxx_aggregate_default_initializers
    Feature record: CXX_FEATURE:1cxx_alias_templates
    Feature record: CXX_FEATURE:1cxx_alignas
    Feature record: CXX_FEATURE:1cxx_alignof
    Feature record: CXX_FEATURE:1cxx_attributes
    Feature record: CXX_FEATURE:0cxx_attribute_deprecated
    Feature record: CXX_FEATURE:1cxx_auto_type
    Feature record: CXX_FEATURE:0cxx_binary_literals
    Feature record: CXX_FEATURE:1cxx_constexpr
    Feature record: CXX_FEATURE:0cxx_contextual_conversions
    Feature record: CXX_FEATURE:1cxx_decltype
    Feature record: CXX_FEATURE:0cxx_decltype_auto
    Feature record: CXX_FEATURE:1cxx_decltype_incomplete_return_types
    Feature record: CXX_FEATURE:1cxx_default_function_template_args
    Feature record: CXX_FEATURE:1cxx_defaulted_functions
    Feature record: CXX_FEATURE:1cxx_defaulted_move_initializers
    Feature record: CXX_FEATURE:1cxx_delegating_constructors
    Feature record: CXX_FEATURE:1cxx_deleted_functions
    Feature record: CXX_FEATURE:0cxx_digit_separators
    Feature record: CXX_FEATURE:1cxx_enum_forward_declarations
    Feature record: CXX_FEATURE:1cxx_explicit_conversions
    Feature record: CXX_FEATURE:1cxx_extended_friend_declarations
    Feature record: CXX_FEATURE:1cxx_extern_templates
    Feature record: CXX_FEATURE:1cxx_final
    Feature record: CXX_FEATURE:1cxx_func_identifier
    Feature record: CXX_FEATURE:1cxx_generalized_initializers
    Feature record: CXX_FEATURE:0cxx_generic_lambdas
    Feature record: CXX_FEATURE:1cxx_inheriting_constructors
    Feature record: CXX_FEATURE:1cxx_inline_namespaces
    Feature record: CXX_FEATURE:1cxx_lambdas
    Feature record: CXX_FEATURE:0cxx_lambda_init_captures
    Feature record: CXX_FEATURE:1cxx_local_type_template_args
    Feature record: CXX_FEATURE:1cxx_long_long_type
    Feature record: CXX_FEATURE:1cxx_noexcept
    Feature record: CXX_FEATURE:1cxx_nonstatic_member_init
    Feature record: CXX_FEATURE:1cxx_nullptr
    Feature record: CXX_FEATURE:1cxx_override
    Feature record: CXX_FEATURE:1cxx_range_for
    Feature record: CXX_FEATURE:1cxx_raw_string_literals
    Feature record: CXX_FEATURE:1cxx_reference_qualified_functions
    Feature record: CXX_FEATURE:0cxx_relaxed_constexpr
    Feature record: CXX_FEATURE:0cxx_return_type_deduction
    Feature record: CXX_FEATURE:1cxx_right_angle_brackets
    Feature record: CXX_FEATURE:1cxx_rvalue_references
    Feature record: CXX_FEATURE:1cxx_sizeof_member
    Feature record: CXX_FEATURE:1cxx_static_assert
    Feature record: CXX_FEATURE:1cxx_strong_enums
    Feature record: CXX_FEATURE:1cxx_template_template_parameters
    Feature record: CXX_FEATURE:1cxx_thread_local
    Feature record: CXX_FEATURE:1cxx_trailing_return_types
    Feature record: CXX_FEATURE:1cxx_unicode_literals
    Feature record: CXX_FEATURE:1cxx_uniform_initialization
    Feature record: CXX_FEATURE:1cxx_unrestricted_unions
    Feature record: CXX_FEATURE:1cxx_user_literals
    Feature record: CXX_FEATURE:0cxx_variable_templates
    Feature record: CXX_FEATURE:1cxx_variadic_macros
    Feature record: CXX_FEATURE:1cxx_variadic_templates


Detecting CXX [-std=c++98] compiler features compiled with the following output:
Change Dir: /home/ggory15/Robostar/build/CMakeFiles/CMakeTmp

Run Build Command:"/usr/bin/make" "cmTC_91bfe/fast"
/usr/bin/make -f CMakeFiles/cmTC_91bfe.dir/build.make CMakeFiles/cmTC_91bfe.dir/build
make[1]: Entering directory '/home/ggory15/Robostar/build/CMakeFiles/CMakeTmp'
Building CXX object CMakeFiles/cmTC_91bfe.dir/feature_tests.cxx.o
/usr/bin/c++     -std=c++98 -o CMakeFiles/cmTC_91bfe.dir/feature_tests.cxx.o -c /home/ggory15/Robostar/build/CMakeFiles/feature_tests.cxx
Linking CXX executable cmTC_91bfe
/usr/bin/cmake -E cmake_link_script CMakeFiles/cmTC_91bfe.dir/link.txt --verbose=1
/usr/bin/c++        CMakeFiles/cmTC_91bfe.dir/feature_tests.cxx.o  -o cmTC_91bfe -rdynamic 
make[1]: Leaving directory '/home/ggory15/Robostar/build/CMakeFiles/CMakeTmp'


    Feature record: CXX_FEATURE:0cxx_aggregate_default_initializers
    Feature record: CXX_FEATURE:0cxx_alias_templates
    Feature record: CXX_FEATURE:0cxx_alignas
    Feature record: CXX_FEATURE:0cxx_alignof
    Feature record: CXX_FEATURE:0cxx_attributes
    Feature record: CXX_FEATURE:0cxx_attribute_deprecated
    Feature record: CXX_FEATURE:0cxx_auto_type
    Feature record: CXX_FEATURE:0cxx_binary_literals
    Feature record: CXX_FEATURE:0cxx_constexpr
    Feature record: CXX_FEATURE:0cxx_contextual_conversions
    Feature record: CXX_FEATURE:0cxx_decltype
    Feature record: CXX_FEATURE:0cxx_decltype_auto
    Feature record: CXX_FEATURE:0cxx_decltype_incomplete_return_types
    Feature record: CXX_FEATURE:0cxx_default_function_template_args
    Feature record: CXX_FEATURE:0cxx_defaulted_functions
    Feature record: CXX_FEATURE:0cxx_defaulted_move_initializers
    Feature record: CXX_FEATURE:0cxx_delegating_constructors
    Feature record: CXX_FEATURE:0cxx_deleted_functions
    Feature record: CXX_FEATURE:0cxx_digit_separators
    Feature record: CXX_FEATURE:0cxx_enum_forward_declarations
    Feature record: CXX_FEATURE:0cxx_explicit_conversions
    Feature record: CXX_FEATURE:0cxx_extended_friend_declarations
    Feature record: CXX_FEATURE:0cxx_extern_templates
    Feature record: CXX_FEATURE:0cxx_final
    Feature record: CXX_FEATURE:0cxx_func_identifier
    Feature record: CXX_FEATURE:0cxx_generalized_initializers
    Feature record: CXX_FEATURE:0cxx_generic_lambdas
    Feature record: CXX_FEATURE:0cxx_inheriting_constructors
    Feature record: CXX_FEATURE:0cxx_inline_namespaces
    Feature record: CXX_FEATURE:0cxx_lambdas
    Feature record: CXX_FEATURE:0cxx_lambda_init_captures
    Feature record: CXX_FEATURE:0cxx_local_type_template_args
    Feature record: CXX_FEATURE:0cxx_long_long_type
    Feature record: CXX_FEATURE:0cxx_noexcept
    Feature record: CXX_FEATURE:0cxx_nonstatic_member_init
    Feature record: CXX_FEATURE:0cxx_nullptr
    Feature record: CXX_FEATURE:0cxx_override
    Feature record: CXX_FEATURE:0cxx_range_for
    Feature record: CXX_FEATURE:0cxx_raw_string_literals
    Feature record: CXX_FEATURE:0cxx_reference_qualified_functions
    Feature record: CXX_FEATURE:0cxx_relaxed_constexpr
    Feature record: CXX_FEATURE:0cxx_return_type_deduction
    Feature record: CXX_FEATURE:0cxx_right_angle_brackets
    Feature record: CXX_FEATURE:0cxx_rvalue_references
    Feature record: CXX_FEATURE:0cxx_sizeof_member
    Feature record: CXX_FEATURE:0cxx_static_assert
    Feature record: CXX_FEATURE:0cxx_strong_enums
    Feature record: CXX_FEATURE:1cxx_template_template_parameters
    Feature record: CXX_FEATURE:0cxx_thread_local
    Feature record: CXX_FEATURE:0cxx_trailing_return_types
    Feature record: CXX_FEATURE:0cxx_unicode_literals
    Feature record: CXX_FEATURE:0cxx_uniform_initialization
    Feature record: CXX_FEATURE:0cxx_unrestricted_unions
    Feature record: CXX_FEATURE:0cxx_user_literals
    Feature record: CXX_FEATURE:0cxx_variable_templates
    Feature record: CXX_FEATURE:0cxx_variadic_macros
    Feature record: CXX_FEATURE:0cxx_variadic_templates
Performing C++ SOURCE FILE Test R-pedantic succeeded with the following output:
Change Dir: /home/ggory15/Robostar/build/CMakeFiles/CMakeTmp

Run Build Command:"/usr/bin/make" "cmTC_3adcc/fast"
/usr/bin/make -f CMakeFiles/cmTC_3adcc.dir/build.make CMakeFiles/cmTC_3adcc.dir/build
make[1]: Entering directory '/home/ggory15/Robostar/build/CMakeFiles/CMakeTmp'
Building CXX object CMakeFiles/cmTC_3adcc.dir/src.cxx.o
/usr/bin/c++     -DR-pedantic   -pedantic -o CMakeFiles/cmTC_3adcc.dir/src.cxx.o -c /home/ggory15/Robostar/build/CMakeFiles/CMakeTmp/src.cxx
<command-line>:0:2: warning: missing whitespace after the macro name
Linking CXX executable cmTC_3adcc
/usr/bin/cmake -E cmake_link_script CMakeFiles/cmTC_3adcc.dir/link.txt --verbose=1
/usr/bin/c++    -DR-pedantic    CMakeFiles/cmTC_3adcc.dir/src.cxx.o  -o cmTC_3adcc -rdynamic 
make[1]: Leaving directory '/home/ggory15/Robostar/build/CMakeFiles/CMakeTmp'

Source file was:
int main() { return 0; }
Performing C++ SOURCE FILE Test R-Wno-long-long succeeded with the following output:
Change Dir: /home/ggory15/Robostar/build/CMakeFiles/CMakeTmp

Run Build Command:"/usr/bin/make" "cmTC_d67ec/fast"
/usr/bin/make -f CMakeFiles/cmTC_d67ec.dir/build.make CMakeFiles/cmTC_d67ec.dir/build
make[1]: Entering directory '/home/ggory15/Robostar/build/CMakeFiles/CMakeTmp'
Building CXX object CMakeFiles/cmTC_d67ec.dir/src.cxx.o
/usr/bin/c++     -DR-Wno-long-long   -Wno-long-long -o CMakeFiles/cmTC_d67ec.dir/src.cxx.o -c /home/ggory15/Robostar/build/CMakeFiles/CMakeTmp/src.cxx
<command-line>:0:2: warning: missing whitespace after the macro name
Linking CXX executable cmTC_d67ec
/usr/bin/cmake -E cmake_link_script CMakeFiles/cmTC_d67ec.dir/link.txt --verbose=1
/usr/bin/c++    -DR-Wno-long-long    CMakeFiles/cmTC_d67ec.dir/src.cxx.o  -o cmTC_d67ec -rdynamic 
make[1]: Leaving directory '/home/ggory15/Robostar/build/CMakeFiles/CMakeTmp'

Source file was:
int main() { return 0; }
Performing C++ SOURCE FILE Test R-Wall succeeded with the following output:
Change Dir: /home/ggory15/Robostar/build/CMakeFiles/CMakeTmp

Run Build Command:"/usr/bin/make" "cmTC_4c28b/fast"
/usr/bin/make -f CMakeFiles/cmTC_4c28b.dir/build.make CMakeFiles/cmTC_4c28b.dir/build
make[1]: Entering directory '/home/ggory15/Robostar/build/CMakeFiles/CMakeTmp'
Building CXX object CMakeFiles/cmTC_4c28b.dir/src.cxx.o
/usr/bin/c++     -DR-Wall   -Wall -o CMakeFiles/cmTC_4c28b.dir/src.cxx.o -c /home/ggory15/Robostar/build/CMakeFiles/CMakeTmp/src.cxx
<command-line>:0:2: warning: missing whitespace after the macro name
Linking CXX executable cmTC_4c28b
/usr/bin/cmake -E cmake_link_script CMakeFiles/cmTC_4c28b.dir/link.txt --verbose=1
/usr/bin/c++    -DR-Wall    CMakeFiles/cmTC_4c28b.dir/src.cxx.o  -o cmTC_4c28b -rdynamic 
make[1]: Leaving directory '/home/ggory15/Robostar/build/CMakeFiles/CMakeTmp'

Source file was:
int main() { return 0; }
Performing C++ SOURCE FILE Test R-Wextra succeeded with the following output:
Change Dir: /home/ggory15/Robostar/build/CMakeFiles/CMakeTmp

Run Build Command:"/usr/bin/make" "cmTC_bb8e2/fast"
/usr/bin/make -f CMakeFiles/cmTC_bb8e2.dir/build.make CMakeFiles/cmTC_bb8e2.dir/build
make[1]: Entering directory '/home/ggory15/Robostar/build/CMakeFiles/CMakeTmp'
Building CXX object CMakeFiles/cmTC_bb8e2.dir/src.cxx.o
/usr/bin/c++     -DR-Wextra   -Wextra -o CMakeFiles/cmTC_bb8e2.dir/src.cxx.o -c /home/ggory15/Robostar/build/CMakeFiles/CMakeTmp/src.cxx
<command-line>:0:2: warning: missing whitespace after the macro name
Linking CXX executable cmTC_bb8e2
/usr/bin/cmake -E cmake_link_script CMakeFiles/cmTC_bb8e2.dir/link.txt --verbose=1
/usr/bin/c++    -DR-Wextra    CMakeFiles/cmTC_bb8e2.dir/src.cxx.o  -o cmTC_bb8e2 -rdynamic 
make[1]: Leaving directory '/home/ggory15/Robostar/build/CMakeFiles/CMakeTmp'

Source file was:
int main() { return 0; }
Performing C++ SOURCE FILE Test R-Wcast-align succeeded with the following output:
Change Dir: /home/ggory15/Robostar/build/CMakeFiles/CMakeTmp

Run Build Command:"/usr/bin/make" "cmTC_09f96/fast"
/usr/bin/make -f CMakeFiles/cmTC_09f96.dir/build.make CMakeFiles/cmTC_09f96.dir/build
make[1]: Entering directory '/home/ggory15/Robostar/build/CMakeFiles/CMakeTmp'
Building CXX object CMakeFiles/cmTC_09f96.dir/src.cxx.o
/usr/bin/c++     -DR-Wcast-align   -Wcast-align -o CMakeFiles/cmTC_09f96.dir/src.cxx.o -c /home/ggory15/Robostar/build/CMakeFiles/CMakeTmp/src.cxx
<command-line>:0:2: warning: missing whitespace after the macro name
Linking CXX executable cmTC_09f96
/usr/bin/cmake -E cmake_link_script CMakeFiles/cmTC_09f96.dir/link.txt --verbose=1
/usr/bin/c++    -DR-Wcast-align    CMakeFiles/cmTC_09f96.dir/src.cxx.o  -o cmTC_09f96 -rdynamic 
make[1]: Leaving directory '/home/ggory15/Robostar/build/CMakeFiles/CMakeTmp'

Source file was:
int main() { return 0; }
Performing C++ SOURCE FILE Test R-Wcast-qual succeeded with the following output:
Change Dir: /home/ggory15/Robostar/build/CMakeFiles/CMakeTmp

Run Build Command:"/usr/bin/make" "cmTC_dec6a/fast"
/usr/bin/make -f CMakeFiles/cmTC_dec6a.dir/build.make CMakeFiles/cmTC_dec6a.dir/build
make[1]: Entering directory '/home/ggory15/Robostar/build/CMakeFiles/CMakeTmp'
Building CXX object CMakeFiles/cmTC_dec6a.dir/src.cxx.o
/usr/bin/c++     -DR-Wcast-qual   -Wcast-qual -o CMakeFiles/cmTC_dec6a.dir/src.cxx.o -c /home/ggory15/Robostar/build/CMakeFiles/CMakeTmp/src.cxx
<command-line>:0:2: warning: missing whitespace after the macro name
Linking CXX executable cmTC_dec6a
/usr/bin/cmake -E cmake_link_script CMakeFiles/cmTC_dec6a.dir/link.txt --verbose=1
/usr/bin/c++    -DR-Wcast-qual    CMakeFiles/cmTC_dec6a.dir/src.cxx.o  -o cmTC_dec6a -rdynamic 
make[1]: Leaving directory '/home/ggory15/Robostar/build/CMakeFiles/CMakeTmp'

Source file was:
int main() { return 0; }
Performing C++ SOURCE FILE Test R-Wformat succeeded with the following output:
Change Dir: /home/ggory15/Robostar/build/CMakeFiles/CMakeTmp

Run Build Command:"/usr/bin/make" "cmTC_e058d/fast"
/usr/bin/make -f CMakeFiles/cmTC_e058d.dir/build.make CMakeFiles/cmTC_e058d.dir/build
make[1]: Entering directory '/home/ggory15/Robostar/build/CMakeFiles/CMakeTmp'
Building CXX object CMakeFiles/cmTC_e058d.dir/src.cxx.o
/usr/bin/c++     -DR-Wformat   -Wformat -o CMakeFiles/cmTC_e058d.dir/src.cxx.o -c /home/ggory15/Robostar/build/CMakeFiles/CMakeTmp/src.cxx
<command-line>:0:2: warning: missing whitespace after the macro name
Linking CXX executable cmTC_e058d
/usr/bin/cmake -E cmake_link_script CMakeFiles/cmTC_e058d.dir/link.txt --verbose=1
/usr/bin/c++    -DR-Wformat    CMakeFiles/cmTC_e058d.dir/src.cxx.o  -o cmTC_e058d -rdynamic 
make[1]: Leaving directory '/home/ggory15/Robostar/build/CMakeFiles/CMakeTmp'

Source file was:
int main() { return 0; }
Performing C++ SOURCE FILE Test R-Wwrite-strings succeeded with the following output:
Change Dir: /home/ggory15/Robostar/build/CMakeFiles/CMakeTmp

Run Build Command:"/usr/bin/make" "cmTC_9ff22/fast"
/usr/bin/make -f CMakeFiles/cmTC_9ff22.dir/build.make CMakeFiles/cmTC_9ff22.dir/build
make[1]: Entering directory '/home/ggory15/Robostar/build/CMakeFiles/CMakeTmp'
Building CXX object CMakeFiles/cmTC_9ff22.dir/src.cxx.o
/usr/bin/c++     -DR-Wwrite-strings   -Wwrite-strings -o CMakeFiles/cmTC_9ff22.dir/src.cxx.o -c /home/ggory15/Robostar/build/CMakeFiles/CMakeTmp/src.cxx
<command-line>:0:2: warning: missing whitespace after the macro name
Linking CXX executable cmTC_9ff22
/usr/bin/cmake -E cmake_link_script CMakeFiles/cmTC_9ff22.dir/link.txt --verbose=1
/usr/bin/c++    -DR-Wwrite-strings    CMakeFiles/cmTC_9ff22.dir/src.cxx.o  -o cmTC_9ff22 -rdynamic 
make[1]: Leaving directory '/home/ggory15/Robostar/build/CMakeFiles/CMakeTmp'

Source file was:
int main() { return 0; }
Performing C++ SOURCE FILE Test R-Wconversion succeeded with the following output:
Change Dir: /home/ggory15/Robostar/build/CMakeFiles/CMakeTmp

Run Build Command:"/usr/bin/make" "cmTC_04d7f/fast"
/usr/bin/make -f CMakeFiles/cmTC_04d7f.dir/build.make CMakeFiles/cmTC_04d7f.dir/build
make[1]: Entering directory '/home/ggory15/Robostar/build/CMakeFiles/CMakeTmp'
Building CXX object CMakeFiles/cmTC_04d7f.dir/src.cxx.o
/usr/bin/c++     -DR-Wconversion   -Wconversion -o CMakeFiles/cmTC_04d7f.dir/src.cxx.o -c /home/ggory15/Robostar/build/CMakeFiles/CMakeTmp/src.cxx
<command-line>:0:2: warning: missing whitespace after the macro name
Linking CXX executable cmTC_04d7f
/usr/bin/cmake -E cmake_link_script CMakeFiles/cmTC_04d7f.dir/link.txt --verbose=1
/usr/bin/c++    -DR-Wconversion    CMakeFiles/cmTC_04d7f.dir/src.cxx.o  -o cmTC_04d7f -rdynamic 
make[1]: Leaving directory '/home/ggory15/Robostar/build/CMakeFiles/CMakeTmp'

Source file was:
int main() { return 0; }
Determining if the include file pthread.h exists passed with the following output:
Change Dir: /home/ggory15/Robostar/build/CMakeFiles/CMakeTmp

Run Build Command:"/usr/bin/make" "cmTC_77f75/fast"
/usr/bin/make -f CMakeFiles/cmTC_77f75.dir/build.make CMakeFiles/cmTC_77f75.dir/build
make[1]: Entering directory '/home/ggory15/Robostar/build/CMakeFiles/CMakeTmp'
Building C object CMakeFiles/cmTC_77f75.dir/CheckIncludeFile.c.o
/usr/bin/cc     -o CMakeFiles/cmTC_77f75.dir/CheckIncludeFile.c.o   -c /home/ggory15/Robostar/build/CMakeFiles/CMakeTmp/CheckIncludeFile.c
Linking C executable cmTC_77f75
/usr/bin/cmake -E cmake_link_script CMakeFiles/cmTC_77f75.dir/link.txt --verbose=1
/usr/bin/cc       CMakeFiles/cmTC_77f75.dir/CheckIncludeFile.c.o  -o cmTC_77f75 -rdynamic 
make[1]: Leaving directory '/home/ggory15/Robostar/build/CMakeFiles/CMakeTmp'


Determining if the function pthread_create exists in the pthread passed with the following output:
Change Dir: /home/ggory15/Robostar/build/CMakeFiles/CMakeTmp

Run Build Command:"/usr/bin/make" "cmTC_55f5d/fast"
/usr/bin/make -f CMakeFiles/cmTC_55f5d.dir/build.make CMakeFiles/cmTC_55f5d.dir/build
make[1]: Entering directory '/home/ggory15/Robostar/build/CMakeFiles/CMakeTmp'
Building C object CMakeFiles/cmTC_55f5d.dir/CheckFunctionExists.c.o
/usr/bin/cc    -DCHECK_FUNCTION_EXISTS=pthread_create   -o CMakeFiles/cmTC_55f5d.dir/CheckFunctionExists.c.o   -c /usr/share/cmake-3.5/Modules/CheckFunctionExists.c
Linking C executable cmTC_55f5d
/usr/bin/cmake -E cmake_link_script CMakeFiles/cmTC_55f5d.dir/link.txt --verbose=1
/usr/bin/cc   -DCHECK_FUNCTION_EXISTS=pthread_create    CMakeFiles/cmTC_55f5d.dir/CheckFunctionExists.c.o  -o cmTC_55f5d -rdynamic -lpthread 
make[1]: Leaving directory '/home/ggory15/Robostar/build/CMakeFiles/CMakeTmp'


